<?xml version="1.0" encoding="UTF-8"?>
<!-- Generated by org.testng.reporters.JUnitXMLReporter -->
<testsuite ignored="0" hostname="Harshu" failures="0" tests="7" name="myTests" time="12.806" errors="0" timestamp="2024-07-27T15:43:01 IST">
  <testcase classname="TestNGScenarios.OrangeHRMTest" name="OpenApp" time="8.829"/>
  <testcase classname="TestNGScenarios.OrangeHRMTest" name="Logo" time="2.045"/>
  <testcase classname="TestNGScenarios.OrangeHRMTest" name="LogIn" time="1.771"/>
  <testcase classname="TestNGScenarios.OrangeHRMTest" name="CloseApp" time="0.11"/>
  <testcase classname="TestNGScenarios.FirstTestCase" name="Login" time="0.0"/>
  <testcase classname="TestNGScenarios.FirstTestCase" name="APPOpenApp" time="0.0"/>
  <testcase classname="TestNGScenarios.FirstTestCase" name="Logout" time="0.0"/>
</testsuite> <!-- myTests -->
