<?xml version="1.0" encoding="UTF-8"?>
<testng-results ignored="0" total="1" passed="1" failed="0" skipped="0">
  <reporter-output>
  </reporter-output>
  <suite started-at="2024-07-29T18:58:17 IST" name="Suite" finished-at="2024-07-29T18:58:28 IST" duration-ms="10734">
    <groups>
    </groups>
    <test started-at="2024-07-29T18:58:17 IST" name="Test" finished-at="2024-07-29T18:58:28 IST" duration-ms="10734">
      <class name="PageObjectPattern.LoginPageTest">
        <test-method is-config="true" signature="setUp()[pri:0, instance:PageObjectPattern.LoginPageTest@1fa268de]" started-at="2024-07-29T18:58:17 IST" name="setUp" finished-at="2024-07-29T18:58:27 IST" duration-ms="9913" status="PASS">
          <reporter-output>
          </reporter-output>
        </test-method> <!-- setUp -->
        <test-method signature="testLogin()[pri:0, instance:PageObjectPattern.LoginPageTest@1fa268de]" started-at="2024-07-29T18:58:27 IST" name="testLogin" finished-at="2024-07-29T18:58:28 IST" duration-ms="664" status="PASS">
          <reporter-output>
          </reporter-output>
        </test-method> <!-- testLogin -->
        <test-method is-config="true" signature="tearDown()[pri:0, instance:PageObjectPattern.LoginPageTest@1fa268de]" started-at="2024-07-29T18:58:28 IST" name="tearDown" finished-at="2024-07-29T18:58:28 IST" duration-ms="99" status="PASS">
          <reporter-output>
          </reporter-output>
        </test-method> <!-- tearDown -->
      </class> <!-- PageObjectPattern.LoginPageTest -->
    </test> <!-- Test -->
  </suite> <!-- Suite -->
</testng-results>
